<?xml version="1.0" encoding="UTF-8"?>
<!-- Generated by org.testng.reporters.JUnitReportReporter -->
<testsuite hostname="LAPTOP-JE40O75P" failures="0" tests="1" name="PomPractice.CreateContactTest" time="15.863" errors="0" timestamp="2022-11-11T10:58:48 IST" skipped="0">
  <testcase classname="PomPractice.CreateContactTest" name="createContactTest" time="15.863"/>
  <system-out/>
</testsuite> <!-- PomPractice.CreateContactTest -->
