<?xml version="1.0" encoding="UTF-8"?>
<!-- Generated by org.testng.reporters.JUnitReportReporter -->
<testsuite hostname="LAPTOP-JE40O75P" failures="0" tests="1" name="vTigerOrganisationTest.CreateOrganisationRandomlyTest" time="24.339" errors="0" timestamp="2022-11-02T12:21:43 IST" skipped="0">
  <testcase classname="vTigerOrganisationTest.CreateOrganisationRandomlyTest" name="createOrganisationRandomlyTest" time="24.339"/>
  <system-out/>
</testsuite> <!-- vTigerOrganisationTest.CreateOrganisationRandomlyTest -->
