<?xml version="1.0" encoding="UTF-8"?>
<!-- Generated by org.testng.reporters.JUnitReportReporter -->
<testsuite hostname="LAPTOP-JE40O75P" failures="0" tests="1" name="PomPractice.CreateContactWithOrgPOMTest" time="23.372" errors="0" timestamp="2022-11-11T12:44:02 IST" skipped="0">
  <testcase classname="PomPractice.CreateContactWithOrgPOMTest" name="createContactWithOrgPOMTest" time="23.372"/>
  <system-out/>
</testsuite> <!-- PomPractice.CreateContactWithOrgPOMTest -->
